This file contains any messages produced by compilers while
running configure, to aid debugging if configure makes a mistake.

It was created by hellobye configure 1.0, which was
generated by GNU Autoconf 2.69.  Invocation command line was

  $ ./configure --prefix=/c/Users/serena/Software/hellobye

## --------- ##
## Platform. ##
## --------- ##

hostname = serenawin1
uname -m = i686
uname -r = 3.0.7-338.i686
uname -s = MINGW32_NT-6.0-6002
uname -v = 2019-07-03 14:47 UTC

/usr/bin/uname -p = unknown
/bin/uname -X     = unknown

/bin/arch              = i686
/usr/bin/arch -k       = unknown
/usr/convex/getsysinfo = unknown
/usr/bin/hostinfo      = unknown
/bin/machine           = unknown
/usr/bin/oslevel       = unknown
/bin/universe          = unknown

PATH: /c/Users/serena/bin
PATH: /mingw32/bin
PATH: /usr/local/bin
PATH: /usr/bin
PATH: /bin
PATH: /mingw32/bin
PATH: /usr/bin
PATH: /c/Users/serena/bin
PATH: /c/Program Files/Common Files/Microsoft/Visual C++ for Python/9.0/VC/bin
PATH: C
PATH: /Program Files/MicrosoftVisualStudio9/VC/bin
PATH: /c/root/bin
PATH: /c/pkg-config/bin
PATH: /c/Program Files/CMake/bin
PATH: /c/tools/mingw32/bin
PATH: /c/Python37/Scripts
PATH: /c/Python37
PATH: /c/Python37/Scripts
PATH: /c/Program Files/ImageMagick-7.0.7-Q16
PATH: /c/Windows/system32
PATH: /c/Windows
PATH: /c/Windows/System32/Wbem
PATH: /c/Windows/System32/WindowsPowerShell/v1.0
PATH: /c/ProgramData/chocolatey/bin
PATH: /c/Program Files/Java/jdk1.8.0_121/bin
PATH: /c/Program Files/OpenSSH-Win32
PATH: /c/KDE/bin
PATH: /c/Program Files/Microsoft Keyboard Layout Creator 1.4
PATH: /c/gnuplot/bin
PATH: /cmd
PATH: /c/Program Files/Microsoft SQL Server/100/Tools/Binn
PATH: /c/Program Files/Microsoft SQL Server/100/DTS/Binn
PATH: /c/Program Files/doxygen/bin
PATH: /c/gdal-2/bin
PATH: /c/msys32/opt/plotutils/bin
PATH: /c/gs/gs9.22/bin
PATH: /c/Program Files/Mozilla Firefox
PATH: /c/Program Files/GnuWin32/bin
PATH: /c/plplot/bin
PATH: /c/PC-BASIC-1.2
PATH: /c/win32app/salford
PATH: /c/Users/serena/projects/2dpainting/debug
PATH: /c/Program Files/MySQL/MySQL Utilities 1.3.6
PATH: /c/mysql/bin
PATH: /c/Program Files/Common Files/Microsoft/Visual C++ for Python/9.0/VC/bin
PATH: /c/Dev-Cpp
PATH: /c/Program Files/Nmap
PATH: /c/MinGW/bin
PATH: /c/Users/serena/bin
PATH: /c/Program Files/Kate/bin
PATH: /c/Users/serena/projects/2dpainting/debug
PATH: /usr/bin/vendor_perl
PATH: /usr/bin/core_perl


## ----------- ##
## Core tests. ##
## ----------- ##

configure:2192: checking for a BSD-compatible install
configure:2260: result: /usr/bin/install -c
configure:2271: checking whether build environment is sane
configure:2326: result: yes
configure:2364: WARNING: 'missing' script is too old or missing
configure:2477: checking for a thread-safe mkdir -p
configure:2516: result: /usr/bin/mkdir -p
configure:2523: checking for gawk
configure:2539: found /usr/bin/gawk
configure:2550: result: gawk
configure:2561: checking whether make sets $(MAKE)
configure:2587: result: no
configure:2612: checking whether make supports nested variables
configure:2629: result: no
configure:2806: checking for gcc
configure:2822: found /c/MinGW/bin/gcc
configure:2833: result: gcc
configure:3062: checking for C compiler version
configure:3071: gcc --version >&5
gcc.exe (i686-posix-dwarf-rev3, Built by MinGW-W64 project) 4.8.2
Copyright (C) 2013 Free Software Foundation, Inc.
This is free software; see the source for copying conditions.  There is NO
warranty; not even for MERCHANTABILITY or FITNESS FOR A PARTICULAR PURPOSE.

configure:3082: $? = 0
configure:3071: gcc -v >&5
Using built-in specs.
COLLECT_GCC=C:\MinGW\bin\gcc.exe
COLLECT_LTO_WRAPPER=C:/MinGW/bin/../libexec/gcc/i686-w64-mingw32/4.8.2/lto-wrapper.exe
Target: i686-w64-mingw32
Configured with: ../../../src/gcc-4.8.2/configure --host=i686-w64-mingw32 --build=i686-w64-mingw32 --target=i686-w64-mingw32 --prefix=/mingw32 --with-sysroot=/c/mingw482/i686-482-posix-dwarf-rt_v3-rev3/mingw32 --with-gxx-include-dir=/mingw32/i686-w64-mingw32/include/c++ --enable-shared --enable-static --disable-multilib --enable-languages=ada,c,c++,fortran,objc,obj-c++,lto --enable-libstdcxx-time=yes --enable-threads=posix --enable-libgomp --enable-libatomic --enable-lto --enable-graphite --enable-checking=release --enable-fully-dynamic-string --enable-version-specific-runtime-libs --disable-sjlj-exceptions --with-dwarf2 --disable-isl-version-check --disable-cloog-version-check --disable-libstdcxx-pch --disable-libstdcxx-debug --enable-bootstrap --disable-rpath --disable-win32-registry --disable-nls --disable-werror --disable-symvers --with-gnu-as --with-gnu-ld --with-arch=i686 --with-tune=generic --with-libiconv --with-system-zlib --with-gmp=/c/mingw482/prerequisites/i686-w64-mingw32-static --with-mpfr=/c/mingw482/prerequisites/i686-w64-mingw32-static --with-mpc=/c/mingw482/prerequisites/i686-w64-mingw32-static --with-isl=/c/mingw482/prerequisites/i686-w64-mingw32-static --with-cloog=/c/mingw482/prerequisites/i686-w64-mingw32-static --enable-cloog-backend=isl --with-pkgversion='i686-posix-dwarf-rev3, Built by MinGW-W64 project' --with-bugurl=http://sourceforge.net/projects/mingw-w64 CFLAGS='-O2 -pipe -I/c/mingw482/i686-482-posix-dwarf-rt_v3-rev3/mingw32/opt/include -I/c/mingw482/prerequisites/i686-zlib-static/include -I/c/mingw482/prerequisites/i686-w64-mingw32-static/include' CXXFLAGS='-O2 -pipe -I/c/mingw482/i686-482-posix-dwarf-rt_v3-rev3/mingw32/opt/include -I/c/mingw482/prerequisites/i686-zlib-static/include -I/c/mingw482/prerequisites/i686-w64-mingw32-static/include' CPPFLAGS= LDFLAGS='-pipe -L/c/mingw482/i686-482-posix-dwarf-rt_v3-rev3/mingw32/opt/lib -L/c/mingw482/prerequisites/i686-zlib-static/lib -L/c/mingw482/prerequisites/i686-w64-mingw32-static/lib -Wl,--large-address-aware'
Thread model: posix
gcc version 4.8.2 (i686-posix-dwarf-rev3, Built by MinGW-W64 project) 
configure:3082: $? = 0
configure:3071: gcc -V >&5
gcc.exe: error: unrecognized command line option '-V'
gcc.exe: fatal error: no input files
compilation terminated.
configure:3082: $? = 1
configure:3071: gcc -qversion >&5
gcc.exe: error: unrecognized command line option '-qversion'
gcc.exe: fatal error: no input files
compilation terminated.
configure:3082: $? = 1
configure:3102: checking whether the C compiler works
configure:3124: gcc    conftest.c  >&5
configure:3128: $? = 0
configure:3176: result: yes
configure:3179: checking for C compiler default output file name
configure:3181: result: a.exe
configure:3187: checking for suffix of executables
configure:3194: gcc -o conftest.exe    conftest.c  >&5
configure:3198: $? = 0
configure:3220: result: .exe
configure:3242: checking whether we are cross compiling
configure:3250: gcc -o conftest.exe    conftest.c  >&5
configure:3254: $? = 0
configure:3261: ./conftest.exe
configure:3265: $? = 0
configure:3280: result: no
configure:3285: checking for suffix of object files
configure:3307: gcc -c   conftest.c >&5
configure:3311: $? = 0
configure:3332: result: o
configure:3336: checking whether we are using the GNU C compiler
configure:3355: gcc -c   conftest.c >&5
configure:3355: $? = 0
configure:3364: result: yes
configure:3373: checking whether gcc accepts -g
configure:3393: gcc -c -g  conftest.c >&5
configure:3393: $? = 0
configure:3434: result: yes
configure:3451: checking for gcc option to accept ISO C89
configure:3514: gcc  -c -g -O2  conftest.c >&5
configure:3514: $? = 0
configure:3527: result: none needed
configure:3552: checking whether gcc understands -c and -o together
configure:3574: gcc -c conftest.c -o conftest2.o
configure:3577: $? = 0
configure:3574: gcc -c conftest.c -o conftest2.o
configure:3577: $? = 0
configure:3589: result: yes
configure:3617: checking for style of include used by make
configure:3645: result: none
configure:3671: checking dependency style of gcc
configure:3782: result: none
configure:3807: checking how to run the C preprocessor
configure:3838: gcc -E  conftest.c
configure:3838: $? = 0
configure:3852: gcc -E  conftest.c
conftest.c:11:28: fatal error: ac_nonexistent.h: No such file or directory
 #include <ac_nonexistent.h>
                            ^
compilation terminated.
configure:3852: $? = 1
configure: failed program was:
| /* confdefs.h */
| #define PACKAGE_NAME "hellobye"
| #define PACKAGE_TARNAME "hellobye"
| #define PACKAGE_VERSION "1.0"
| #define PACKAGE_STRING "hellobye 1.0"
| #define PACKAGE_BUGREPORT ""
| #define PACKAGE_URL ""
| #define PACKAGE "hellobye"
| #define VERSION "1.0"
| /* end confdefs.h.  */
| #include <ac_nonexistent.h>
configure:3877: result: gcc -E
configure:3897: gcc -E  conftest.c
configure:3897: $? = 0
configure:3911: gcc -E  conftest.c
conftest.c:11:28: fatal error: ac_nonexistent.h: No such file or directory
 #include <ac_nonexistent.h>
                            ^
compilation terminated.
configure:3911: $? = 1
configure: failed program was:
| /* confdefs.h */
| #define PACKAGE_NAME "hellobye"
| #define PACKAGE_TARNAME "hellobye"
| #define PACKAGE_VERSION "1.0"
| #define PACKAGE_STRING "hellobye 1.0"
| #define PACKAGE_BUGREPORT ""
| #define PACKAGE_URL ""
| #define PACKAGE "hellobye"
| #define VERSION "1.0"
| /* end confdefs.h.  */
| #include <ac_nonexistent.h>
configure:3940: checking for grep that handles long lines and -e
configure:3998: result: /usr/bin/grep
configure:4003: checking for egrep
configure:4065: result: /usr/bin/grep -E
configure:4070: checking for ANSI C header files
configure:4090: gcc -c -g -O2  conftest.c >&5
configure:4090: $? = 0
configure:4163: gcc -o conftest.exe -g -O2   conftest.c  >&5
configure:4163: $? = 0
configure:4163: ./conftest.exe
configure:4163: $? = 0
configure:4174: result: yes
configure:4187: checking for sys/types.h
configure:4187: gcc -c -g -O2  conftest.c >&5
configure:4187: $? = 0
configure:4187: result: yes
configure:4187: checking for sys/stat.h
configure:4187: gcc -c -g -O2  conftest.c >&5
configure:4187: $? = 0
configure:4187: result: yes
configure:4187: checking for stdlib.h
configure:4187: gcc -c -g -O2  conftest.c >&5
configure:4187: $? = 0
configure:4187: result: yes
configure:4187: checking for string.h
configure:4187: gcc -c -g -O2  conftest.c >&5
configure:4187: $? = 0
configure:4187: result: yes
configure:4187: checking for memory.h
configure:4187: gcc -c -g -O2  conftest.c >&5
configure:4187: $? = 0
configure:4187: result: yes
configure:4187: checking for strings.h
configure:4187: gcc -c -g -O2  conftest.c >&5
configure:4187: $? = 0
configure:4187: result: yes
configure:4187: checking for inttypes.h
configure:4187: gcc -c -g -O2  conftest.c >&5
configure:4187: $? = 0
configure:4187: result: yes
configure:4187: checking for stdint.h
configure:4187: gcc -c -g -O2  conftest.c >&5
configure:4187: $? = 0
configure:4187: result: yes
configure:4187: checking for unistd.h
configure:4187: gcc -c -g -O2  conftest.c >&5
configure:4187: $? = 0
configure:4187: result: yes
configure:4202: checking for unistd.h
configure:4202: result: yes
configure:4202: checking for stdlib.h
configure:4202: result: yes
configure:4202: checking stdio.h usability
configure:4202: gcc -c -g -O2  conftest.c >&5
configure:4202: $? = 0
configure:4202: result: yes
configure:4202: checking stdio.h presence
configure:4202: gcc -E  conftest.c
configure:4202: $? = 0
configure:4202: result: yes
configure:4202: checking for stdio.h
configure:4202: result: yes
configure:4202: checking time.h usability
configure:4202: gcc -c -g -O2  conftest.c >&5
configure:4202: $? = 0
configure:4202: result: yes
configure:4202: checking time.h presence
configure:4202: gcc -E  conftest.c
configure:4202: $? = 0
configure:4202: result: yes
configure:4202: checking for time.h
configure:4202: result: yes
configure:4218: checking for stdlib.h
configure:4218: result: yes
configure:4228: checking for GNU libc compatible malloc
configure:4252: gcc -o conftest.exe -g -O2   conftest.c  >&5
configure:4252: $? = 0
configure:4252: ./conftest.exe
configure:4252: $? = 0
configure:4262: result: yes
configure:4285: checking for sqrt
configure:4285: gcc -o conftest.exe -g -O2   conftest.c  >&5
conftest.c:50:6: warning: conflicting types for built-in function 'sqrt' [enabled by default]
 char sqrt ();
      ^
configure:4285: $? = 0
configure:4285: result: yes
configure:4441: checking that generated files are newer than configure
configure:4447: result: done
configure:4470: creating ./config.status

## ---------------------- ##
## Running config.status. ##
## ---------------------- ##

This file was extended by hellobye config.status 1.0, which was
generated by GNU Autoconf 2.69.  Invocation command line was

  CONFIG_FILES    = 
  CONFIG_HEADERS  = 
  CONFIG_LINKS    = 
  CONFIG_COMMANDS = 
  $ ./config.status 

on serenawin1

config.status:782: creating Makefile
config.status:782: creating doc/Makefile
config.status:782: creating man/Makefile
config.status:782: creating script/Makefile
config.status:782: creating src/Makefile
config.status:954: executing depfiles commands

## ---------------- ##
## Cache variables. ##
## ---------------- ##

ac_cv_c_compiler_gnu=yes
ac_cv_env_CC_set=
ac_cv_env_CC_value=
ac_cv_env_CFLAGS_set=
ac_cv_env_CFLAGS_value=
ac_cv_env_CPPFLAGS_set=
ac_cv_env_CPPFLAGS_value=
ac_cv_env_CPP_set=
ac_cv_env_CPP_value=
ac_cv_env_LDFLAGS_set=
ac_cv_env_LDFLAGS_value=
ac_cv_env_LIBS_set=
ac_cv_env_LIBS_value=
ac_cv_env_build_alias_set=
ac_cv_env_build_alias_value=
ac_cv_env_host_alias_set=
ac_cv_env_host_alias_value=
ac_cv_env_target_alias_set=
ac_cv_env_target_alias_value=
ac_cv_exeext=.exe
ac_cv_func_malloc_0_nonnull=yes
ac_cv_func_sqrt=yes
ac_cv_header_inttypes_h=yes
ac_cv_header_memory_h=yes
ac_cv_header_stdc=yes
ac_cv_header_stdint_h=yes
ac_cv_header_stdio_h=yes
ac_cv_header_stdlib_h=yes
ac_cv_header_string_h=yes
ac_cv_header_strings_h=yes
ac_cv_header_sys_stat_h=yes
ac_cv_header_sys_types_h=yes
ac_cv_header_time_h=yes
ac_cv_header_unistd_h=yes
ac_cv_objext=o
ac_cv_path_EGREP='/usr/bin/grep -E'
ac_cv_path_GREP=/usr/bin/grep
ac_cv_path_install='/usr/bin/install -c'
ac_cv_path_mkdir=/usr/bin/mkdir
ac_cv_prog_AWK=gawk
ac_cv_prog_CPP='gcc -E'
ac_cv_prog_ac_ct_CC=gcc
ac_cv_prog_cc_c89=
ac_cv_prog_cc_g=yes
ac_cv_prog_make_make_set=no
am_cv_CC_dependencies_compiler_type=none
am_cv_make_support_nested_variables=no
am_cv_prog_cc_c_o=yes

## ----------------- ##
## Output variables. ##
## ----------------- ##

ACLOCAL='aclocal-1.15'
AMDEPBACKSLASH='\'
AMDEP_FALSE='#'
AMDEP_TRUE=''
AMTAR='$${TAR-tar}'
AM_BACKSLASH='\'
AM_DEFAULT_V='1'
AM_DEFAULT_VERBOSITY='1'
AM_V='1'
AUTOCONF='autoconf'
AUTOHEADER='autoheader'
AUTOMAKE='automake-1.15'
AWK='gawk'
CC='gcc'
CCDEPMODE='depmode=none'
CFLAGS='-g -O2'
CPP='gcc -E'
CPPFLAGS=''
CYGPATH_W='cygpath -w'
DEFS='-DPACKAGE_NAME=\"hellobye\" -DPACKAGE_TARNAME=\"hellobye\" -DPACKAGE_VERSION=\"1.0\" -DPACKAGE_STRING=\"hellobye\ 1.0\" -DPACKAGE_BUGREPORT=\"\" -DPACKAGE_URL=\"\" -DPACKAGE=\"hellobye\" -DVERSION=\"1.0\" -DSTDC_HEADERS=1 -DHAVE_SYS_TYPES_H=1 -DHAVE_SYS_STAT_H=1 -DHAVE_STDLIB_H=1 -DHAVE_STRING_H=1 -DHAVE_MEMORY_H=1 -DHAVE_STRINGS_H=1 -DHAVE_INTTYPES_H=1 -DHAVE_STDINT_H=1 -DHAVE_UNISTD_H=1 -DHAVE_UNISTD_H=1 -DHAVE_STDLIB_H=1 -DHAVE_STDIO_H=1 -DHAVE_TIME_H=1 -DHAVE_STDLIB_H=1 -DHAVE_MALLOC=1 -DHAVE_SQRT=1'
DEPDIR='.deps'
ECHO_C=''
ECHO_N='-n'
ECHO_T=''
EGREP='/usr/bin/grep -E'
EXEEXT='.exe'
GREP='/usr/bin/grep'
INSTALL_DATA='${INSTALL} -m 644'
INSTALL_PROGRAM='${INSTALL}'
INSTALL_SCRIPT='${INSTALL}'
INSTALL_STRIP_PROGRAM='$(install_sh) -c -s'
LDFLAGS=''
LIBOBJS=''
LIBS=''
LTLIBOBJS=''
MAKEINFO='makeinfo'
MKDIR_P='/usr/bin/mkdir -p'
OBJEXT='o'
PACKAGE='hellobye'
PACKAGE_BUGREPORT=''
PACKAGE_NAME='hellobye'
PACKAGE_STRING='hellobye 1.0'
PACKAGE_TARNAME='hellobye'
PACKAGE_URL=''
PACKAGE_VERSION='1.0'
PATH_SEPARATOR=':'
SET_MAKE='MAKE=make'
SHELL='/bin/sh'
STRIP=''
VERSION='1.0'
ac_ct_CC='gcc'
am__EXEEXT_FALSE='#'
am__EXEEXT_TRUE=''
am__fastdepCC_FALSE=''
am__fastdepCC_TRUE='#'
am__include='#'
am__isrc=''
am__leading_dot='.'
am__nodep='_no'
am__quote=''
am__tar='$${TAR-tar} chof - "$$tardir"'
am__untar='$${TAR-tar} xf -'
bindir='${exec_prefix}/bin'
build_alias=''
datadir='${datarootdir}'
datarootdir='${prefix}/share'
docdir='${datarootdir}/doc/${PACKAGE_TARNAME}'
dvidir='${docdir}'
exec_prefix='${prefix}'
host_alias=''
htmldir='${docdir}'
includedir='${prefix}/include'
infodir='${datarootdir}/info'
install_sh='${SHELL} /c/msys32/home/serena/projects/hellobye/install-sh'
libdir='${exec_prefix}/lib'
libexecdir='${exec_prefix}/libexec'
localedir='${datarootdir}/locale'
localstatedir='${prefix}/var'
mandir='${datarootdir}/man'
mkdir_p='$(MKDIR_P)'
oldincludedir='/usr/include'
pdfdir='${docdir}'
prefix='/c/Users/serena/Software/hellobye'
program_transform_name='s,x,x,'
psdir='${docdir}'
runstatedir='${localstatedir}/run'
sbindir='${exec_prefix}/sbin'
sharedstatedir='${prefix}/com'
sysconfdir='${prefix}/etc'
target_alias=''

## ----------- ##
## confdefs.h. ##
## ----------- ##

/* confdefs.h */
#define PACKAGE_NAME "hellobye"
#define PACKAGE_TARNAME "hellobye"
#define PACKAGE_VERSION "1.0"
#define PACKAGE_STRING "hellobye 1.0"
#define PACKAGE_BUGREPORT ""
#define PACKAGE_URL ""
#define PACKAGE "hellobye"
#define VERSION "1.0"
#define STDC_HEADERS 1
#define HAVE_SYS_TYPES_H 1
#define HAVE_SYS_STAT_H 1
#define HAVE_STDLIB_H 1
#define HAVE_STRING_H 1
#define HAVE_MEMORY_H 1
#define HAVE_STRINGS_H 1
#define HAVE_INTTYPES_H 1
#define HAVE_STDINT_H 1
#define HAVE_UNISTD_H 1
#define HAVE_UNISTD_H 1
#define HAVE_STDLIB_H 1
#define HAVE_STDIO_H 1
#define HAVE_TIME_H 1
#define HAVE_STDLIB_H 1
#define HAVE_MALLOC 1
#define HAVE_SQRT 1

configure: exit 0
